<?xml version="1.0" encoding="UTF-8"?>
<!-- Generated by org.testng.reporters.JUnitReportReporter -->
<testsuite skipped="0" hostname="NTISHTCD13" name="com.theGeneral.TestRunner" tests="1" failures="0" timestamp="13 May 2019 12:20:45 GMT" time="210.179" errors="0">
  <testcase name="runScenario" time="210.179" classname="com.theGeneral.TestRunner"/>
</testsuite> <!-- com.theGeneral.TestRunner -->
